<?xml version="1.0" encoding="UTF-8"?>
<testng-results ignored="0" total="1" passed="1" failed="0" skipped="0">
  <reporter-output>
  </reporter-output>
  <suite started-at="2019-08-21T13:32:08Z" name="Default suite" finished-at="2019-08-21T13:32:17Z" duration-ms="9650">
    <groups>
    </groups>
    <test started-at="2019-08-21T13:32:08Z" name="Default test" finished-at="2019-08-21T13:32:17Z" duration-ms="9650">
      <class name="selenium.tagNameMethod">
        <test-method is-config="true" signature="setUp()[pri:0, instance:selenium.tagNameMethod@548a102f]" started-at="2019-08-21T13:32:08Z" name="setUp" finished-at="2019-08-21T13:32:10Z" duration-ms="2518" status="PASS">
          <reporter-output>
          </reporter-output>
        </test-method> <!-- setUp -->
        <test-method is-config="true" signature="launchingPage()[pri:0, instance:selenium.tagNameMethod@548a102f]" started-at="2019-08-21T13:32:10Z" name="launchingPage" finished-at="2019-08-21T13:32:11Z" duration-ms="979" status="PASS">
          <reporter-output>
          </reporter-output>
        </test-method> <!-- launchingPage -->
        <test-method signature="testingSite()[pri:0, instance:selenium.tagNameMethod@548a102f]" started-at="2019-08-21T13:32:11Z" name="testingSite" finished-at="2019-08-21T13:32:11Z" duration-ms="168" status="PASS">
          <reporter-output>
          </reporter-output>
        </test-method> <!-- testingSite -->
        <test-method is-config="true" signature="quitBrowser()[pri:0, instance:selenium.tagNameMethod@548a102f]" started-at="2019-08-21T13:32:11Z" name="quitBrowser" finished-at="2019-08-21T13:32:17Z" duration-ms="5973" status="PASS">
          <reporter-output>
          </reporter-output>
        </test-method> <!-- quitBrowser -->
      </class> <!-- selenium.tagNameMethod -->
    </test> <!-- Default test -->
  </suite> <!-- Default suite -->
</testng-results>
