<?xml version="1.0" encoding="UTF-8"?>
<testng-results ignored="0" total="1" passed="1" failed="0" skipped="0">
  <reporter-output>
  </reporter-output>
  <suite started-at="2019-08-22T14:16:45Z" name="Default suite" finished-at="2019-08-22T14:17:05Z" duration-ms="20048">
    <groups>
    </groups>
    <test started-at="2019-08-22T14:16:45Z" name="Default test" finished-at="2019-08-22T14:17:05Z" duration-ms="20048">
      <class name="selenium.NavigateExmples">
        <test-method is-config="true" signature="setUp()[pri:0, instance:selenium.NavigateExmples@2aece37d]" started-at="2019-08-22T14:16:45Z" name="setUp" finished-at="2019-08-22T14:16:49Z" duration-ms="3589" status="PASS">
          <reporter-output>
          </reporter-output>
        </test-method> <!-- setUp -->
        <test-method is-config="true" signature="navigateTo()[pri:0, instance:selenium.NavigateExmples@2aece37d]" started-at="2019-08-22T14:16:49Z" name="navigateTo" finished-at="2019-08-22T14:16:49Z" duration-ms="720" status="PASS">
          <reporter-output>
          </reporter-output>
        </test-method> <!-- navigateTo -->
        <test-method signature="navigateMethod()[pri:0, instance:selenium.NavigateExmples@2aece37d]" started-at="2019-08-22T14:16:49Z" name="navigateMethod" finished-at="2019-08-22T14:17:01Z" duration-ms="11109" status="PASS">
          <reporter-output>
          </reporter-output>
        </test-method> <!-- navigateMethod -->
        <test-method is-config="true" signature="quitBrowser()[pri:0, instance:selenium.NavigateExmples@2aece37d]" started-at="2019-08-22T14:17:01Z" name="quitBrowser" finished-at="2019-08-22T14:17:05Z" duration-ms="4617" status="PASS">
          <reporter-output>
          </reporter-output>
        </test-method> <!-- quitBrowser -->
      </class> <!-- selenium.NavigateExmples -->
    </test> <!-- Default test -->
  </suite> <!-- Default suite -->
</testng-results>
