<?xml version="1.0" encoding="UTF-8"?>
<!-- Generated by org.testng.reporters.JUnitXMLReporter -->
<testsuite ignored="0" hostname="DESKTOP-9K1BGI2" failures="0" tests="3" name="Default test" time="16.215" errors="0" timestamp="22 Aug 2019 12:48:20 GMT">
  <testcase classname="selenium.GetMethod" name="getPageSource" time="0.078"/>
  <testcase classname="selenium.GetMethod" name="getText" time="0.129"/>
  <testcase classname="selenium.GetMethod" name="getTitle" time="0.011"/>
</testsuite> <!-- Default test -->
